18/Jul/2022 23:48:21,695- BaseClass: user name provided
18/Jul/2022 23:48:21,920- BaseClass: password provided
18/Jul/2022 23:48:25,253- BaseClass: Login Passed
18/Jul/2022 23:49:01,509- BaseClass: User Name Is Provided
18/Jul/2022 23:49:01,706- BaseClass: Password Is Provided
18/Jul/2022 23:49:07,740- BaseClass: Providing Customer Details...
19/Jul/2022 13:01:07,104- BaseClass: user name provided
19/Jul/2022 13:01:07,291- BaseClass: password provided
19/Jul/2022 13:01:12,096- BaseClass: Login Passed
19/Jul/2022 13:01:19,430- BaseClass: user name provided
19/Jul/2022 13:01:54,121- BaseClass: User Name Is Provided
19/Jul/2022 13:01:54,330- BaseClass: Password Is Provided
19/Jul/2022 13:02:00,548- BaseClass: Providing Customer Details...
19/Jul/2022 13:10:57,685- BaseClass: Url is Opened
19/Jul/2022 13:10:59,363- BaseClass: Entered Username
19/Jul/2022 13:10:59,554- BaseClass: Entered Password
19/Jul/2022 13:11:03,589- BaseClass: Login Test Passed
19/Jul/2022 13:13:18,689- BaseClass: user name provided
19/Jul/2022 13:13:18,914- BaseClass: password provided
19/Jul/2022 13:13:22,923- BaseClass: Login Passed
19/Jul/2022 13:13:32,355- BaseClass: user name provided
19/Jul/2022 13:13:32,542- BaseClass: password provided
19/Jul/2022 13:13:35,267- BaseClass: Login Passed
19/Jul/2022 13:21:27,737- BaseClass: user name provided
19/Jul/2022 13:21:27,934- BaseClass: password provided
19/Jul/2022 13:21:30,766- BaseClass: Login Passed
19/Jul/2022 13:22:07,598- BaseClass: User Name Is Provided
19/Jul/2022 13:22:08,613- BaseClass: Password Is Provided
19/Jul/2022 13:22:15,947- BaseClass: Providing Customer Details...
19/Jul/2022 19:44:40,878- BaseClass: Url is Opened
19/Jul/2022 19:44:41,874- BaseClass: Entered Username
19/Jul/2022 19:44:42,494- BaseClass: Entered Password
19/Jul/2022 19:44:51,344- BaseClass: Login Test Passed
19/Jul/2022 19:45:22,161- BaseClass: user name provided
19/Jul/2022 19:45:22,230- BaseClass: password provided
19/Jul/2022 19:45:26,461- BaseClass: Login Passed
19/Jul/2022 19:45:52,865- BaseClass: User Name Is Provided
19/Jul/2022 19:45:52,941- BaseClass: Password Is Provided
19/Jul/2022 19:45:57,654- BaseClass: Providing Customer Details...
19/Jul/2022 19:55:38,221- BaseClass: user name provided
19/Jul/2022 19:55:38,687- BaseClass: password provided
19/Jul/2022 19:55:42,107- BaseClass: Login Passed
19/Jul/2022 19:58:12,281- BaseClass: user name provided
19/Jul/2022 19:58:12,371- BaseClass: password provided
19/Jul/2022 19:58:15,116- BaseClass: Login Passed
19/Jul/2022 20:01:10,488- BaseClass: user name provided
19/Jul/2022 20:01:10,891- BaseClass: password provided
19/Jul/2022 20:01:15,727- BaseClass: Login Passed
19/Jul/2022 20:09:47,456- BaseClass: user name provided
19/Jul/2022 20:09:47,855- BaseClass: password provided
19/Jul/2022 20:09:51,000- BaseClass: Login Passed
19/Jul/2022 20:13:28,368- BaseClass: user name provided
19/Jul/2022 20:13:28,516- BaseClass: password provided
19/Jul/2022 20:17:13,892- BaseClass: user name provided
19/Jul/2022 20:17:14,017- BaseClass: password provided
19/Jul/2022 20:19:38,048- BaseClass: user name provided
19/Jul/2022 20:19:38,624- BaseClass: password provided
19/Jul/2022 20:25:15,945- BaseClass: user name provided
19/Jul/2022 20:25:16,207- BaseClass: password provided
19/Jul/2022 20:26:12,426- BaseClass: user name provided
19/Jul/2022 20:26:12,520- BaseClass: password provided
19/Jul/2022 20:29:33,291- BaseClass: user name provided
19/Jul/2022 20:29:33,478- BaseClass: password provided
19/Jul/2022 20:37:54,738- BaseClass: user name provided
19/Jul/2022 20:37:55,113- BaseClass: password provided
19/Jul/2022 20:38:01,043- BaseClass: Login Passed
19/Jul/2022 20:44:48,644- BaseClass: user name provided
19/Jul/2022 20:44:49,314- BaseClass: password provided
19/Jul/2022 20:44:56,597- BaseClass: Login Passed
19/Jul/2022 20:51:16,491- BaseClass: user name provided
19/Jul/2022 20:51:16,710- BaseClass: password provided
19/Jul/2022 20:51:19,413- BaseClass: Login Passed
